2021-10-26 11:12:47 [org.springframework.boot.StartupInfoLogger:50] - Starting Application on DESKTOP-HI7J1BT with PID 20368 (G:\idea_project_springboot\study_springboot\admin-plus-master\admin-core\target\classes started by Administrator in G:\idea_project_springboot\study_springboot)
2021-10-26 11:12:47 [org.springframework.boot.SpringApplication:679] - The following profiles are active: dev
2021-10-26 11:12:47 [org.springframework.boot.logging.DeferredLog:227] - Devtools property defaults active! Set 'spring.devtools.add-properties' to 'false' to disable
2021-10-26 11:12:47 [org.springframework.boot.logging.DeferredLog:227] - For additional web related logging consider setting the 'logging.level.web' property to 'DEBUG'
2021-10-26 11:12:49 [org.springframework.data.repository.config.RepositoryConfigurationDelegate:244] - Multiple Spring Data modules found, entering strict repository configuration mode!
2021-10-26 11:12:49 [org.springframework.data.repository.config.RepositoryConfigurationDelegate:126] - Bootstrapping Spring Data repositories in DEFAULT mode.
2021-10-26 11:12:49 [org.springframework.data.repository.config.RepositoryConfigurationDelegate:182] - Finished Spring Data repository scanning in 27ms. Found 0 repository interfaces.
2021-10-26 11:12:49 [org.springframework.context.support.PostProcessorRegistrationDelegate$BeanPostProcessorChecker:330] - Bean 'spring.redis-org.springframework.boot.autoconfigure.data.redis.RedisProperties' of type [org.springframework.boot.autoconfigure.data.redis.RedisProperties] is not eligible for getting processed by all BeanPostProcessors (for example: not eligible for auto-proxying)
2021-10-26 11:12:49 [org.springframework.context.support.PostProcessorRegistrationDelegate$BeanPostProcessorChecker:330] - Bean 'org.springframework.boot.autoconfigure.data.redis.LettuceConnectionConfiguration' of type [org.springframework.boot.autoconfigure.data.redis.LettuceConnectionConfiguration$$EnhancerBySpringCGLIB$$f0d46aab] is not eligible for getting processed by all BeanPostProcessors (for example: not eligible for auto-proxying)
2021-10-26 11:12:50 [org.springframework.context.support.PostProcessorRegistrationDelegate$BeanPostProcessorChecker:330] - Bean 'lettuceClientResources' of type [io.lettuce.core.resource.DefaultClientResources] is not eligible for getting processed by all BeanPostProcessors (for example: not eligible for auto-proxying)
2021-10-26 11:12:50 [org.springframework.context.support.PostProcessorRegistrationDelegate$BeanPostProcessorChecker:330] - Bean 'redisConnectionFactory' of type [org.springframework.data.redis.connection.lettuce.LettuceConnectionFactory] is not eligible for getting processed by all BeanPostProcessors (for example: not eligible for auto-proxying)
2021-10-26 11:12:50 [org.springframework.context.support.PostProcessorRegistrationDelegate$BeanPostProcessorChecker:330] - Bean 'redisConfig' of type [com.lrs.core.config.RedisConfig$$EnhancerBySpringCGLIB$$efdb1058] is not eligible for getting processed by all BeanPostProcessors (for example: not eligible for auto-proxying)
2021-10-26 11:12:50 [org.springframework.context.support.PostProcessorRegistrationDelegate$BeanPostProcessorChecker:330] - Bean 'org.springframework.transaction.annotation.ProxyTransactionManagementConfiguration' of type [org.springframework.transaction.annotation.ProxyTransactionManagementConfiguration$$EnhancerBySpringCGLIB$$dbbaac61] is not eligible for getting processed by all BeanPostProcessors (for example: not eligible for auto-proxying)
2021-10-26 11:12:50 [org.springframework.boot.web.embedded.tomcat.TomcatWebServer:90] - Tomcat initialized with port(s): 8800 (http)
2021-10-26 11:12:50 [org.apache.juli.logging.DirectJDKLog:173] - Initializing ProtocolHandler ["http-nio-8800"]
2021-10-26 11:12:50 [org.apache.juli.logging.DirectJDKLog:173] - Starting service [Tomcat]
2021-10-26 11:12:50 [org.apache.juli.logging.DirectJDKLog:173] - Starting Servlet Engine: Apache Tomcat/9.0.12
2021-10-26 11:12:50 [org.apache.juli.logging.DirectJDKLog:173] - The APR based Apache Tomcat Native library which allows optimal performance in production environments was not found on the java.library.path: [D:\java_jdk\bin;C:\Windows\Sun\Java\bin;C:\Windows\system32;C:\Windows;C:\Program Files (x86)\Common Files\Oracle\Java\javapath;F:\Xmanager_PowerSuite_v6.0.0014r_Incl_Keygen_v1.5_DFoX\Xlpd 6\;F:\Xmanager_PowerSuite_v6.0.0014r_Incl_Keygen_v1.5_DFoX\Xshell 6\;F:\Xmanager_PowerSuite_v6.0.0014r_Incl_Keygen_v1.5_DFoX\Xmanager 6\;D:\java_jdk\bin;C:\ProgramData\Oracle\Java\javapath;C:\Windows\system32;C:\Windows;C:\Windows\System32\Wbem;C:\Windows\System32\WindowsPowerShell\v1.0\;C:\Windows\System32\OpenSSH\;C:\Program Files\MySQL\MySQL Server 8.0\bin;F:\Maven\apache-maven-3.8.1-bin\apache-maven-3.8.1\bin;F:\SVN\bin;C:\Program Files\Git\cmd;F:\;G:\nodejs\;C:\Users\Administrator\AppData\Local\Microsoft\WindowsApps;F:\idea\IntelliJ IDEA 2020.1.3\bin;;F:\Bandizip\;C:\Users\Administrator\AppData\Local\GitHubDesktop\bin;C:\Users\Administrator\AppData\Roaming\npm;.]
2021-10-26 11:12:50 [org.apache.juli.logging.DirectJDKLog:173] - Initializing Spring embedded WebApplicationContext
2021-10-26 11:12:50 [org.springframework.boot.web.servlet.context.ServletWebServerApplicationContext:285] - Root WebApplicationContext: initialization completed in 3429 ms
2021-10-26 11:12:50 [org.springframework.beans.factory.annotation.AutowiredAnnotationBeanPostProcessor:471] - Autowired annotation should only be used on methods with parameters: public void com.lrs.core.filter.LoginFilter.destroy()
2021-10-26 11:12:50 [org.springframework.boot.web.servlet.ServletRegistrationBean:186] - Servlet dispatcherServlet mapped to [/]
2021-10-26 11:12:50 [org.springframework.boot.web.servlet.AbstractFilterRegistrationBean:248] - Mapping filter: 'characterEncodingFilter' to: [/*]
2021-10-26 11:12:50 [org.springframework.boot.web.servlet.AbstractFilterRegistrationBean:248] - Mapping filter: 'hiddenHttpMethodFilter' to: [/*]
2021-10-26 11:12:50 [org.springframework.boot.web.servlet.AbstractFilterRegistrationBean:248] - Mapping filter: 'formContentFilter' to: [/*]
2021-10-26 11:12:50 [org.springframework.boot.web.servlet.AbstractFilterRegistrationBean:248] - Mapping filter: 'requestContextFilter' to: [/*]
2021-10-26 11:12:50 [org.springframework.boot.web.servlet.AbstractFilterRegistrationBean:261] - Mapping filter: 'loginFilter' to urls: [/*]
2021-10-26 11:12:51 [com.zaxxer.hikari.HikariDataSource:110] - HikariCP - Starting...
2021-10-26 11:12:56 [org.apache.juli.logging.DirectJDKLog:173] - Stopping service [Tomcat]
2021-10-26 11:12:56 [org.springframework.boot.autoconfigure.logging.ConditionEvaluationReportLoggingListener:142] - 

Error starting ApplicationContext. To display the conditions report re-run your application with 'debug' enabled.
2021-10-26 11:17:51 [org.springframework.boot.StartupInfoLogger:50] - Starting Application on DESKTOP-HI7J1BT with PID 20244 (G:\idea_project_springboot\study_springboot\admin-plus-master\admin-core\target\classes started by Administrator in G:\idea_project_springboot\study_springboot)
2021-10-26 11:17:51 [org.springframework.boot.SpringApplication:679] - The following profiles are active: dev
2021-10-26 11:17:52 [org.springframework.boot.logging.DeferredLog:227] - Devtools property defaults active! Set 'spring.devtools.add-properties' to 'false' to disable
2021-10-26 11:17:52 [org.springframework.boot.logging.DeferredLog:227] - For additional web related logging consider setting the 'logging.level.web' property to 'DEBUG'
2021-10-26 11:17:54 [org.springframework.data.repository.config.RepositoryConfigurationDelegate:244] - Multiple Spring Data modules found, entering strict repository configuration mode!
2021-10-26 11:17:54 [org.springframework.data.repository.config.RepositoryConfigurationDelegate:126] - Bootstrapping Spring Data repositories in DEFAULT mode.
2021-10-26 11:17:54 [org.springframework.data.repository.config.RepositoryConfigurationDelegate:182] - Finished Spring Data repository scanning in 45ms. Found 0 repository interfaces.
2021-10-26 11:17:55 [org.springframework.context.support.PostProcessorRegistrationDelegate$BeanPostProcessorChecker:330] - Bean 'spring.redis-org.springframework.boot.autoconfigure.data.redis.RedisProperties' of type [org.springframework.boot.autoconfigure.data.redis.RedisProperties] is not eligible for getting processed by all BeanPostProcessors (for example: not eligible for auto-proxying)
2021-10-26 11:17:55 [org.springframework.context.support.PostProcessorRegistrationDelegate$BeanPostProcessorChecker:330] - Bean 'org.springframework.boot.autoconfigure.data.redis.LettuceConnectionConfiguration' of type [org.springframework.boot.autoconfigure.data.redis.LettuceConnectionConfiguration$$EnhancerBySpringCGLIB$$92402876] is not eligible for getting processed by all BeanPostProcessors (for example: not eligible for auto-proxying)
2021-10-26 11:17:56 [org.springframework.context.support.PostProcessorRegistrationDelegate$BeanPostProcessorChecker:330] - Bean 'lettuceClientResources' of type [io.lettuce.core.resource.DefaultClientResources] is not eligible for getting processed by all BeanPostProcessors (for example: not eligible for auto-proxying)
2021-10-26 11:17:56 [org.springframework.context.support.PostProcessorRegistrationDelegate$BeanPostProcessorChecker:330] - Bean 'redisConnectionFactory' of type [org.springframework.data.redis.connection.lettuce.LettuceConnectionFactory] is not eligible for getting processed by all BeanPostProcessors (for example: not eligible for auto-proxying)
2021-10-26 11:17:56 [org.springframework.context.support.PostProcessorRegistrationDelegate$BeanPostProcessorChecker:330] - Bean 'redisConfig' of type [com.lrs.core.config.RedisConfig$$EnhancerBySpringCGLIB$$9146ce23] is not eligible for getting processed by all BeanPostProcessors (for example: not eligible for auto-proxying)
2021-10-26 11:17:56 [org.springframework.context.support.PostProcessorRegistrationDelegate$BeanPostProcessorChecker:330] - Bean 'org.springframework.transaction.annotation.ProxyTransactionManagementConfiguration' of type [org.springframework.transaction.annotation.ProxyTransactionManagementConfiguration$$EnhancerBySpringCGLIB$$7d266a2c] is not eligible for getting processed by all BeanPostProcessors (for example: not eligible for auto-proxying)
2021-10-26 11:17:57 [org.springframework.boot.web.embedded.tomcat.TomcatWebServer:90] - Tomcat initialized with port(s): 8800 (http)
2021-10-26 11:17:57 [org.apache.juli.logging.DirectJDKLog:173] - Initializing ProtocolHandler ["http-nio-8800"]
2021-10-26 11:17:57 [org.apache.juli.logging.DirectJDKLog:173] - Starting service [Tomcat]
2021-10-26 11:17:57 [org.apache.juli.logging.DirectJDKLog:173] - Starting Servlet Engine: Apache Tomcat/9.0.12
2021-10-26 11:17:57 [org.apache.juli.logging.DirectJDKLog:173] - The APR based Apache Tomcat Native library which allows optimal performance in production environments was not found on the java.library.path: [D:\java_jdk\bin;C:\Windows\Sun\Java\bin;C:\Windows\system32;C:\Windows;C:\Program Files (x86)\Common Files\Oracle\Java\javapath;F:\Xmanager_PowerSuite_v6.0.0014r_Incl_Keygen_v1.5_DFoX\Xlpd 6\;F:\Xmanager_PowerSuite_v6.0.0014r_Incl_Keygen_v1.5_DFoX\Xshell 6\;F:\Xmanager_PowerSuite_v6.0.0014r_Incl_Keygen_v1.5_DFoX\Xmanager 6\;D:\java_jdk\bin;C:\ProgramData\Oracle\Java\javapath;C:\Windows\system32;C:\Windows;C:\Windows\System32\Wbem;C:\Windows\System32\WindowsPowerShell\v1.0\;C:\Windows\System32\OpenSSH\;C:\Program Files\MySQL\MySQL Server 8.0\bin;F:\Maven\apache-maven-3.8.1-bin\apache-maven-3.8.1\bin;F:\SVN\bin;C:\Program Files\Git\cmd;F:\;G:\nodejs\;C:\Users\Administrator\AppData\Local\Microsoft\WindowsApps;F:\idea\IntelliJ IDEA 2020.1.3\bin;;F:\Bandizip\;C:\Users\Administrator\AppData\Local\GitHubDesktop\bin;C:\Users\Administrator\AppData\Roaming\npm;.]
2021-10-26 11:17:57 [org.apache.juli.logging.DirectJDKLog:173] - Initializing Spring embedded WebApplicationContext
2021-10-26 11:17:57 [org.springframework.boot.web.servlet.context.ServletWebServerApplicationContext:285] - Root WebApplicationContext: initialization completed in 5758 ms
2021-10-26 11:17:57 [org.springframework.beans.factory.annotation.AutowiredAnnotationBeanPostProcessor:471] - Autowired annotation should only be used on methods with parameters: public void com.lrs.core.filter.LoginFilter.destroy()
2021-10-26 11:17:57 [org.springframework.boot.web.servlet.ServletRegistrationBean:186] - Servlet dispatcherServlet mapped to [/]
2021-10-26 11:17:57 [org.springframework.boot.web.servlet.AbstractFilterRegistrationBean:248] - Mapping filter: 'characterEncodingFilter' to: [/*]
2021-10-26 11:17:58 [org.springframework.boot.web.servlet.AbstractFilterRegistrationBean:248] - Mapping filter: 'hiddenHttpMethodFilter' to: [/*]
2021-10-26 11:17:58 [org.springframework.boot.web.servlet.AbstractFilterRegistrationBean:248] - Mapping filter: 'formContentFilter' to: [/*]
2021-10-26 11:17:58 [org.springframework.boot.web.servlet.AbstractFilterRegistrationBean:248] - Mapping filter: 'requestContextFilter' to: [/*]
2021-10-26 11:17:58 [org.springframework.boot.web.servlet.AbstractFilterRegistrationBean:261] - Mapping filter: 'loginFilter' to urls: [/*]
2021-10-26 11:17:58 [com.zaxxer.hikari.HikariDataSource:110] - HikariCP - Starting...
2021-10-26 11:17:58 [com.zaxxer.hikari.HikariDataSource:123] - HikariCP - Start completed.
2021-10-26 11:18:03 [org.springframework.scheduling.concurrent.ExecutorConfigurationSupport:171] - Initializing ExecutorService 'applicationTaskExecutor'
2021-10-26 11:18:03 [com.lrs.core.intercept.InterceptorAdapter:25] - 拦截
2021-10-26 11:18:03 [org.springframework.boot.autoconfigure.web.servlet.WelcomePageHandlerMapping:61] - Adding welcome page template: index
2021-10-26 11:18:04 [org.apache.juli.logging.DirectJDKLog:173] - Starting ProtocolHandler ["http-nio-8800"]
2021-10-26 11:18:04 [org.apache.juli.logging.DirectJDKLog:173] - Using a shared selector for servlet write/read
2021-10-26 11:18:04 [org.springframework.boot.web.embedded.tomcat.TomcatWebServer:204] - Tomcat started on port(s): 8800 (http) with context path ''
2021-10-26 11:18:04 [org.springframework.boot.StartupInfoLogger:59] - Started Application in 14.577 seconds (JVM running for 17.774)
2021-10-26 11:18:22 [org.apache.juli.logging.DirectJDKLog:173] - A cookie header was received [1631666283; JSESSIONID=692F010A3BB0CAA3CE0EA8D82BA14618; SHAREJSESSIONID=7ec622bf-ff5b-4746-896c-01208e377d01] that contained an invalid cookie. That cookie will be ignored.Note: further occurrences of this error will be logged at DEBUG level.
2021-10-26 11:18:22 [org.apache.juli.logging.DirectJDKLog:173] - Initializing Spring DispatcherServlet 'dispatcherServlet'
2021-10-26 11:18:22 [org.springframework.web.servlet.FrameworkServlet:521] - Initializing Servlet 'dispatcherServlet'
2021-10-26 11:18:22 [org.springframework.web.servlet.FrameworkServlet:543] - Completed initialization in 10 ms
2021-10-26 11:51:53 [org.springframework.scheduling.concurrent.ExecutorConfigurationSupport:208] - Shutting down ExecutorService 'applicationTaskExecutor'
2021-10-26 11:51:53 [com.zaxxer.hikari.HikariDataSource:350] - HikariCP - Shutdown initiated...
2021-10-26 11:51:53 [com.zaxxer.hikari.HikariDataSource:352] - HikariCP - Shutdown completed.
2021-10-26 11:52:05 [org.springframework.boot.StartupInfoLogger:50] - Starting Application on DESKTOP-HI7J1BT with PID 20360 (G:\idea_project_springboot\study_springboot\admin-plus-master\admin-core\target\classes started by Administrator in G:\idea_project_springboot\study_springboot)
2021-10-26 11:52:05 [org.springframework.boot.SpringApplication:679] - The following profiles are active: dev
2021-10-26 11:52:05 [org.springframework.boot.logging.DeferredLog:227] - Devtools property defaults active! Set 'spring.devtools.add-properties' to 'false' to disable
2021-10-26 11:52:05 [org.springframework.boot.logging.DeferredLog:227] - For additional web related logging consider setting the 'logging.level.web' property to 'DEBUG'
2021-10-26 11:52:07 [org.springframework.data.repository.config.RepositoryConfigurationDelegate:244] - Multiple Spring Data modules found, entering strict repository configuration mode!
2021-10-26 11:52:07 [org.springframework.data.repository.config.RepositoryConfigurationDelegate:126] - Bootstrapping Spring Data repositories in DEFAULT mode.
2021-10-26 11:52:07 [org.springframework.data.repository.config.RepositoryConfigurationDelegate:182] - Finished Spring Data repository scanning in 19ms. Found 0 repository interfaces.
2021-10-26 11:52:07 [org.springframework.context.support.PostProcessorRegistrationDelegate$BeanPostProcessorChecker:330] - Bean 'spring.redis-org.springframework.boot.autoconfigure.data.redis.RedisProperties' of type [org.springframework.boot.autoconfigure.data.redis.RedisProperties] is not eligible for getting processed by all BeanPostProcessors (for example: not eligible for auto-proxying)
2021-10-26 11:52:07 [org.springframework.context.support.PostProcessorRegistrationDelegate$BeanPostProcessorChecker:330] - Bean 'org.springframework.boot.autoconfigure.data.redis.LettuceConnectionConfiguration' of type [org.springframework.boot.autoconfigure.data.redis.LettuceConnectionConfiguration$$EnhancerBySpringCGLIB$$e4aedad0] is not eligible for getting processed by all BeanPostProcessors (for example: not eligible for auto-proxying)
2021-10-26 11:52:07 [org.springframework.context.support.PostProcessorRegistrationDelegate$BeanPostProcessorChecker:330] - Bean 'lettuceClientResources' of type [io.lettuce.core.resource.DefaultClientResources] is not eligible for getting processed by all BeanPostProcessors (for example: not eligible for auto-proxying)
2021-10-26 11:52:08 [org.springframework.context.support.PostProcessorRegistrationDelegate$BeanPostProcessorChecker:330] - Bean 'redisConnectionFactory' of type [org.springframework.data.redis.connection.lettuce.LettuceConnectionFactory] is not eligible for getting processed by all BeanPostProcessors (for example: not eligible for auto-proxying)
2021-10-26 11:52:08 [org.springframework.context.support.PostProcessorRegistrationDelegate$BeanPostProcessorChecker:330] - Bean 'redisConfig' of type [com.lrs.core.config.RedisConfig$$EnhancerBySpringCGLIB$$e3b5807d] is not eligible for getting processed by all BeanPostProcessors (for example: not eligible for auto-proxying)
2021-10-26 11:52:08 [org.springframework.context.support.PostProcessorRegistrationDelegate$BeanPostProcessorChecker:330] - Bean 'org.springframework.transaction.annotation.ProxyTransactionManagementConfiguration' of type [org.springframework.transaction.annotation.ProxyTransactionManagementConfiguration$$EnhancerBySpringCGLIB$$cf951c86] is not eligible for getting processed by all BeanPostProcessors (for example: not eligible for auto-proxying)
2021-10-26 11:52:08 [org.springframework.boot.web.embedded.tomcat.TomcatWebServer:90] - Tomcat initialized with port(s): 8800 (http)
2021-10-26 11:52:08 [org.apache.juli.logging.DirectJDKLog:173] - Initializing ProtocolHandler ["http-nio-8800"]
2021-10-26 11:52:08 [org.apache.juli.logging.DirectJDKLog:173] - Starting service [Tomcat]
2021-10-26 11:52:08 [org.apache.juli.logging.DirectJDKLog:173] - Starting Servlet Engine: Apache Tomcat/9.0.12
2021-10-26 11:52:08 [org.apache.juli.logging.DirectJDKLog:173] - The APR based Apache Tomcat Native library which allows optimal performance in production environments was not found on the java.library.path: [D:\java_jdk\bin;C:\Windows\Sun\Java\bin;C:\Windows\system32;C:\Windows;C:\Program Files (x86)\Common Files\Oracle\Java\javapath;F:\Xmanager_PowerSuite_v6.0.0014r_Incl_Keygen_v1.5_DFoX\Xlpd 6\;F:\Xmanager_PowerSuite_v6.0.0014r_Incl_Keygen_v1.5_DFoX\Xshell 6\;F:\Xmanager_PowerSuite_v6.0.0014r_Incl_Keygen_v1.5_DFoX\Xmanager 6\;D:\java_jdk\bin;C:\ProgramData\Oracle\Java\javapath;C:\Windows\system32;C:\Windows;C:\Windows\System32\Wbem;C:\Windows\System32\WindowsPowerShell\v1.0\;C:\Windows\System32\OpenSSH\;C:\Program Files\MySQL\MySQL Server 8.0\bin;F:\Maven\apache-maven-3.8.1-bin\apache-maven-3.8.1\bin;F:\SVN\bin;C:\Program Files\Git\cmd;F:\;G:\nodejs\;C:\Users\Administrator\AppData\Local\Microsoft\WindowsApps;F:\idea\IntelliJ IDEA 2020.1.3\bin;;F:\Bandizip\;C:\Users\Administrator\AppData\Local\GitHubDesktop\bin;C:\Users\Administrator\AppData\Roaming\npm;.]
2021-10-26 11:52:08 [org.apache.juli.logging.DirectJDKLog:173] - Initializing Spring embedded WebApplicationContext
2021-10-26 11:52:08 [org.springframework.boot.web.servlet.context.ServletWebServerApplicationContext:285] - Root WebApplicationContext: initialization completed in 3067 ms
2021-10-26 11:52:08 [org.springframework.beans.factory.annotation.AutowiredAnnotationBeanPostProcessor:471] - Autowired annotation should only be used on methods with parameters: public void com.lrs.core.filter.LoginFilter.destroy()
2021-10-26 11:52:08 [org.springframework.boot.web.servlet.ServletRegistrationBean:186] - Servlet dispatcherServlet mapped to [/]
2021-10-26 11:52:08 [org.springframework.boot.web.servlet.AbstractFilterRegistrationBean:248] - Mapping filter: 'characterEncodingFilter' to: [/*]
2021-10-26 11:52:08 [org.springframework.boot.web.servlet.AbstractFilterRegistrationBean:248] - Mapping filter: 'hiddenHttpMethodFilter' to: [/*]
2021-10-26 11:52:08 [org.springframework.boot.web.servlet.AbstractFilterRegistrationBean:248] - Mapping filter: 'formContentFilter' to: [/*]
2021-10-26 11:52:08 [org.springframework.boot.web.servlet.AbstractFilterRegistrationBean:248] - Mapping filter: 'requestContextFilter' to: [/*]
2021-10-26 11:52:08 [org.springframework.boot.web.servlet.AbstractFilterRegistrationBean:261] - Mapping filter: 'loginFilter' to urls: [/*]
2021-10-26 11:52:09 [com.zaxxer.hikari.HikariDataSource:110] - HikariCP - Starting...
2021-10-26 11:52:09 [com.zaxxer.hikari.HikariDataSource:123] - HikariCP - Start completed.
2021-10-26 11:52:10 [org.springframework.scheduling.concurrent.ExecutorConfigurationSupport:171] - Initializing ExecutorService 'applicationTaskExecutor'
2021-10-26 11:52:10 [com.lrs.core.intercept.InterceptorAdapter:25] - 拦截
2021-10-26 11:52:10 [org.springframework.boot.autoconfigure.web.servlet.WelcomePageHandlerMapping:61] - Adding welcome page template: index
2021-10-26 11:52:11 [org.apache.juli.logging.DirectJDKLog:173] - Starting ProtocolHandler ["http-nio-8800"]
2021-10-26 11:52:11 [org.apache.juli.logging.DirectJDKLog:173] - Using a shared selector for servlet write/read
2021-10-26 11:52:11 [org.springframework.boot.web.embedded.tomcat.TomcatWebServer:204] - Tomcat started on port(s): 8800 (http) with context path ''
2021-10-26 11:52:11 [org.springframework.boot.StartupInfoLogger:59] - Started Application in 6.486 seconds (JVM running for 8.323)
2021-10-26 11:53:31 [org.apache.juli.logging.DirectJDKLog:173] - A cookie header was received [1631666819,1631676360,1632294754; JSESSIONID=E2D2ABEDFA3755BCEF39837206B47304] that contained an invalid cookie. That cookie will be ignored.Note: further occurrences of this error will be logged at DEBUG level.
2021-10-26 11:53:31 [org.apache.juli.logging.DirectJDKLog:173] - Initializing Spring DispatcherServlet 'dispatcherServlet'
2021-10-26 11:53:31 [org.springframework.web.servlet.FrameworkServlet:521] - Initializing Servlet 'dispatcherServlet'
2021-10-26 11:53:31 [org.springframework.web.servlet.FrameworkServlet:543] - Completed initialization in 7 ms
2021-10-26 15:15:11 [org.springframework.boot.StartupInfoLogger:50] - Starting Application on DESKTOP-HI7J1BT with PID 8724 (G:\idea_project_springboot\study_springboot\admin-plus-master\admin-core\target\classes started by Administrator in G:\idea_project_springboot\study_springboot)
2021-10-26 15:15:11 [org.springframework.boot.SpringApplication:679] - The following profiles are active: dev
2021-10-26 15:15:11 [org.springframework.boot.logging.DeferredLog:227] - Devtools property defaults active! Set 'spring.devtools.add-properties' to 'false' to disable
2021-10-26 15:15:11 [org.springframework.boot.logging.DeferredLog:227] - For additional web related logging consider setting the 'logging.level.web' property to 'DEBUG'
2021-10-26 15:15:14 [org.springframework.data.repository.config.RepositoryConfigurationDelegate:244] - Multiple Spring Data modules found, entering strict repository configuration mode!
2021-10-26 15:15:14 [org.springframework.data.repository.config.RepositoryConfigurationDelegate:126] - Bootstrapping Spring Data repositories in DEFAULT mode.
2021-10-26 15:15:14 [org.springframework.data.repository.config.RepositoryConfigurationDelegate:182] - Finished Spring Data repository scanning in 48ms. Found 0 repository interfaces.
2021-10-26 15:15:14 [org.springframework.context.support.PostProcessorRegistrationDelegate$BeanPostProcessorChecker:330] - Bean 'spring.redis-org.springframework.boot.autoconfigure.data.redis.RedisProperties' of type [org.springframework.boot.autoconfigure.data.redis.RedisProperties] is not eligible for getting processed by all BeanPostProcessors (for example: not eligible for auto-proxying)
2021-10-26 15:15:15 [org.springframework.context.support.PostProcessorRegistrationDelegate$BeanPostProcessorChecker:330] - Bean 'org.springframework.boot.autoconfigure.data.redis.LettuceConnectionConfiguration' of type [org.springframework.boot.autoconfigure.data.redis.LettuceConnectionConfiguration$$EnhancerBySpringCGLIB$$d8148dbd] is not eligible for getting processed by all BeanPostProcessors (for example: not eligible for auto-proxying)
2021-10-26 15:15:15 [org.springframework.context.support.PostProcessorRegistrationDelegate$BeanPostProcessorChecker:330] - Bean 'lettuceClientResources' of type [io.lettuce.core.resource.DefaultClientResources] is not eligible for getting processed by all BeanPostProcessors (for example: not eligible for auto-proxying)
2021-10-26 15:15:15 [org.springframework.context.support.PostProcessorRegistrationDelegate$BeanPostProcessorChecker:330] - Bean 'redisConnectionFactory' of type [org.springframework.data.redis.connection.lettuce.LettuceConnectionFactory] is not eligible for getting processed by all BeanPostProcessors (for example: not eligible for auto-proxying)
2021-10-26 15:15:15 [org.springframework.context.support.PostProcessorRegistrationDelegate$BeanPostProcessorChecker:330] - Bean 'redisConfig' of type [com.lrs.core.config.RedisConfig$$EnhancerBySpringCGLIB$$d71b336a] is not eligible for getting processed by all BeanPostProcessors (for example: not eligible for auto-proxying)
2021-10-26 15:15:15 [org.springframework.context.support.PostProcessorRegistrationDelegate$BeanPostProcessorChecker:330] - Bean 'org.springframework.transaction.annotation.ProxyTransactionManagementConfiguration' of type [org.springframework.transaction.annotation.ProxyTransactionManagementConfiguration$$EnhancerBySpringCGLIB$$c2facf73] is not eligible for getting processed by all BeanPostProcessors (for example: not eligible for auto-proxying)
2021-10-26 15:15:16 [org.springframework.boot.web.embedded.tomcat.TomcatWebServer:90] - Tomcat initialized with port(s): 8800 (http)
2021-10-26 15:15:16 [org.apache.juli.logging.DirectJDKLog:173] - Initializing ProtocolHandler ["http-nio-8800"]
2021-10-26 15:15:16 [org.apache.juli.logging.DirectJDKLog:173] - Starting service [Tomcat]
2021-10-26 15:15:16 [org.apache.juli.logging.DirectJDKLog:173] - Starting Servlet Engine: Apache Tomcat/9.0.12
2021-10-26 15:15:16 [org.apache.juli.logging.DirectJDKLog:173] - The APR based Apache Tomcat Native library which allows optimal performance in production environments was not found on the java.library.path: [D:\java_jdk\bin;C:\Windows\Sun\Java\bin;C:\Windows\system32;C:\Windows;C:\Program Files (x86)\Common Files\Oracle\Java\javapath;F:\Xmanager_PowerSuite_v6.0.0014r_Incl_Keygen_v1.5_DFoX\Xlpd 6\;F:\Xmanager_PowerSuite_v6.0.0014r_Incl_Keygen_v1.5_DFoX\Xshell 6\;F:\Xmanager_PowerSuite_v6.0.0014r_Incl_Keygen_v1.5_DFoX\Xmanager 6\;D:\java_jdk\bin;C:\ProgramData\Oracle\Java\javapath;C:\Windows\system32;C:\Windows;C:\Windows\System32\Wbem;C:\Windows\System32\WindowsPowerShell\v1.0\;C:\Windows\System32\OpenSSH\;C:\Program Files\MySQL\MySQL Server 8.0\bin;F:\Maven\apache-maven-3.8.1-bin\apache-maven-3.8.1\bin;F:\SVN\bin;F:\;G:\nodejs\;G:\git\Git\cmd;C:\Users\Administrator\AppData\Local\Microsoft\WindowsApps;F:\idea\IntelliJ IDEA 2020.1.3\bin;;F:\Bandizip\;C:\Users\Administrator\AppData\Local\GitHubDesktop\bin;C:\Users\Administrator\AppData\Roaming\npm;.]
2021-10-26 15:15:16 [org.apache.juli.logging.DirectJDKLog:173] - Initializing Spring embedded WebApplicationContext
2021-10-26 15:15:16 [org.springframework.boot.web.servlet.context.ServletWebServerApplicationContext:285] - Root WebApplicationContext: initialization completed in 4315 ms
2021-10-26 15:15:16 [org.springframework.beans.factory.annotation.AutowiredAnnotationBeanPostProcessor:471] - Autowired annotation should only be used on methods with parameters: public void com.lrs.core.filter.LoginFilter.destroy()
2021-10-26 15:15:16 [org.springframework.boot.web.servlet.ServletRegistrationBean:186] - Servlet dispatcherServlet mapped to [/]
2021-10-26 15:15:16 [org.springframework.boot.web.servlet.AbstractFilterRegistrationBean:248] - Mapping filter: 'characterEncodingFilter' to: [/*]
2021-10-26 15:15:16 [org.springframework.boot.web.servlet.AbstractFilterRegistrationBean:248] - Mapping filter: 'hiddenHttpMethodFilter' to: [/*]
2021-10-26 15:15:16 [org.springframework.boot.web.servlet.AbstractFilterRegistrationBean:248] - Mapping filter: 'formContentFilter' to: [/*]
2021-10-26 15:15:16 [org.springframework.boot.web.servlet.AbstractFilterRegistrationBean:248] - Mapping filter: 'requestContextFilter' to: [/*]
2021-10-26 15:15:16 [org.springframework.boot.web.servlet.AbstractFilterRegistrationBean:261] - Mapping filter: 'loginFilter' to urls: [/*]
2021-10-26 15:15:16 [com.zaxxer.hikari.HikariDataSource:110] - HikariCP - Starting...
2021-10-26 15:15:17 [com.zaxxer.hikari.HikariDataSource:123] - HikariCP - Start completed.
2021-10-26 15:15:18 [org.springframework.scheduling.concurrent.ExecutorConfigurationSupport:171] - Initializing ExecutorService 'applicationTaskExecutor'
2021-10-26 15:15:18 [com.lrs.core.intercept.InterceptorAdapter:25] - 拦截
2021-10-26 15:15:18 [org.springframework.boot.autoconfigure.web.servlet.WelcomePageHandlerMapping:61] - Adding welcome page template: index
2021-10-26 15:15:19 [org.springframework.boot.devtools.autoconfigure.OptionalLiveReloadServer:57] - LiveReload server is running on port 35729
2021-10-26 15:15:19 [org.apache.juli.logging.DirectJDKLog:173] - Starting ProtocolHandler ["http-nio-8800"]
2021-10-26 15:15:19 [org.apache.juli.logging.DirectJDKLog:173] - Using a shared selector for servlet write/read
2021-10-26 15:15:19 [org.springframework.boot.web.embedded.tomcat.TomcatWebServer:204] - Tomcat started on port(s): 8800 (http) with context path ''
2021-10-26 15:15:19 [org.springframework.boot.StartupInfoLogger:59] - Started Application in 9.153 seconds (JVM running for 11.006)
2021-10-26 15:15:32 [org.apache.juli.logging.DirectJDKLog:173] - A cookie header was received [1631666283; SHAREJSESSIONID=7ec622bf-ff5b-4746-896c-01208e377d01; JSESSIONID=F43B205BEC0E524F0167782124C916C4] that contained an invalid cookie. That cookie will be ignored.Note: further occurrences of this error will be logged at DEBUG level.
2021-10-26 15:15:32 [org.apache.juli.logging.DirectJDKLog:173] - Initializing Spring DispatcherServlet 'dispatcherServlet'
2021-10-26 15:15:32 [org.springframework.web.servlet.FrameworkServlet:521] - Initializing Servlet 'dispatcherServlet'
2021-10-26 15:15:32 [org.springframework.web.servlet.FrameworkServlet:543] - Completed initialization in 9 ms
2021-10-26 15:44:11 [org.springframework.boot.StartupInfoLogger:50] - Starting Application on DESKTOP-HI7J1BT with PID 20400 (G:\idea_project_springboot\study_springboot\admin-plus-master\admin-core\target\classes started by Administrator in G:\idea_project_springboot\study_springboot)
2021-10-26 15:44:11 [org.springframework.boot.SpringApplication:679] - The following profiles are active: dev
2021-10-26 15:44:11 [org.springframework.boot.logging.DeferredLog:227] - Devtools property defaults active! Set 'spring.devtools.add-properties' to 'false' to disable
2021-10-26 15:44:11 [org.springframework.boot.logging.DeferredLog:227] - For additional web related logging consider setting the 'logging.level.web' property to 'DEBUG'
2021-10-26 15:44:14 [org.springframework.data.repository.config.RepositoryConfigurationDelegate:244] - Multiple Spring Data modules found, entering strict repository configuration mode!
2021-10-26 15:44:14 [org.springframework.data.repository.config.RepositoryConfigurationDelegate:126] - Bootstrapping Spring Data repositories in DEFAULT mode.
2021-10-26 15:44:14 [org.springframework.data.repository.config.RepositoryConfigurationDelegate:182] - Finished Spring Data repository scanning in 51ms. Found 0 repository interfaces.
2021-10-26 15:44:15 [org.springframework.context.support.PostProcessorRegistrationDelegate$BeanPostProcessorChecker:330] - Bean 'spring.redis-org.springframework.boot.autoconfigure.data.redis.RedisProperties' of type [org.springframework.boot.autoconfigure.data.redis.RedisProperties] is not eligible for getting processed by all BeanPostProcessors (for example: not eligible for auto-proxying)
2021-10-26 15:44:15 [org.springframework.context.support.PostProcessorRegistrationDelegate$BeanPostProcessorChecker:330] - Bean 'org.springframework.boot.autoconfigure.data.redis.LettuceConnectionConfiguration' of type [org.springframework.boot.autoconfigure.data.redis.LettuceConnectionConfiguration$$EnhancerBySpringCGLIB$$28c5a150] is not eligible for getting processed by all BeanPostProcessors (for example: not eligible for auto-proxying)
2021-10-26 15:44:15 [org.springframework.context.support.PostProcessorRegistrationDelegate$BeanPostProcessorChecker:330] - Bean 'lettuceClientResources' of type [io.lettuce.core.resource.DefaultClientResources] is not eligible for getting processed by all BeanPostProcessors (for example: not eligible for auto-proxying)
2021-10-26 15:44:15 [org.springframework.context.support.PostProcessorRegistrationDelegate$BeanPostProcessorChecker:330] - Bean 'redisConnectionFactory' of type [org.springframework.data.redis.connection.lettuce.LettuceConnectionFactory] is not eligible for getting processed by all BeanPostProcessors (for example: not eligible for auto-proxying)
2021-10-26 15:44:15 [org.springframework.context.support.PostProcessorRegistrationDelegate$BeanPostProcessorChecker:330] - Bean 'redisConfig' of type [com.lrs.core.config.RedisConfig$$EnhancerBySpringCGLIB$$27cc46fd] is not eligible for getting processed by all BeanPostProcessors (for example: not eligible for auto-proxying)
2021-10-26 15:44:15 [org.springframework.context.support.PostProcessorRegistrationDelegate$BeanPostProcessorChecker:330] - Bean 'org.springframework.transaction.annotation.ProxyTransactionManagementConfiguration' of type [org.springframework.transaction.annotation.ProxyTransactionManagementConfiguration$$EnhancerBySpringCGLIB$$13abe306] is not eligible for getting processed by all BeanPostProcessors (for example: not eligible for auto-proxying)
2021-10-26 15:44:17 [org.springframework.boot.web.embedded.tomcat.TomcatWebServer:90] - Tomcat initialized with port(s): 8800 (http)
2021-10-26 15:44:17 [org.apache.juli.logging.DirectJDKLog:173] - Initializing ProtocolHandler ["http-nio-8800"]
2021-10-26 15:44:17 [org.apache.juli.logging.DirectJDKLog:173] - Starting service [Tomcat]
2021-10-26 15:44:17 [org.apache.juli.logging.DirectJDKLog:173] - Starting Servlet Engine: Apache Tomcat/9.0.12
2021-10-26 15:44:17 [org.apache.juli.logging.DirectJDKLog:173] - The APR based Apache Tomcat Native library which allows optimal performance in production environments was not found on the java.library.path: [D:\java_jdk\bin;C:\Windows\Sun\Java\bin;C:\Windows\system32;C:\Windows;C:\Program Files (x86)\Common Files\Oracle\Java\javapath;F:\Xmanager_PowerSuite_v6.0.0014r_Incl_Keygen_v1.5_DFoX\Xlpd 6\;F:\Xmanager_PowerSuite_v6.0.0014r_Incl_Keygen_v1.5_DFoX\Xshell 6\;F:\Xmanager_PowerSuite_v6.0.0014r_Incl_Keygen_v1.5_DFoX\Xmanager 6\;D:\java_jdk\bin;C:\ProgramData\Oracle\Java\javapath;C:\Windows\system32;C:\Windows;C:\Windows\System32\Wbem;C:\Windows\System32\WindowsPowerShell\v1.0\;C:\Windows\System32\OpenSSH\;C:\Program Files\MySQL\MySQL Server 8.0\bin;F:\Maven\apache-maven-3.8.1-bin\apache-maven-3.8.1\bin;F:\SVN\bin;F:\;G:\nodejs\;G:\git\Git\cmd;C:\Users\Administrator\AppData\Local\Microsoft\WindowsApps;F:\idea\IntelliJ IDEA 2020.1.3\bin;;F:\Bandizip\;C:\Users\Administrator\AppData\Local\GitHubDesktop\bin;C:\Users\Administrator\AppData\Roaming\npm;.]
2021-10-26 15:44:17 [org.apache.juli.logging.DirectJDKLog:173] - Initializing Spring embedded WebApplicationContext
2021-10-26 15:44:17 [org.springframework.boot.web.servlet.context.ServletWebServerApplicationContext:285] - Root WebApplicationContext: initialization completed in 5316 ms
2021-10-26 15:44:17 [org.springframework.beans.factory.annotation.AutowiredAnnotationBeanPostProcessor:471] - Autowired annotation should only be used on methods with parameters: public void com.lrs.core.filter.LoginFilter.destroy()
2021-10-26 15:44:17 [org.springframework.boot.web.servlet.ServletRegistrationBean:186] - Servlet dispatcherServlet mapped to [/]
2021-10-26 15:44:17 [org.springframework.boot.web.servlet.AbstractFilterRegistrationBean:248] - Mapping filter: 'characterEncodingFilter' to: [/*]
2021-10-26 15:44:17 [org.springframework.boot.web.servlet.AbstractFilterRegistrationBean:248] - Mapping filter: 'hiddenHttpMethodFilter' to: [/*]
2021-10-26 15:44:17 [org.springframework.boot.web.servlet.AbstractFilterRegistrationBean:248] - Mapping filter: 'formContentFilter' to: [/*]
2021-10-26 15:44:17 [org.springframework.boot.web.servlet.AbstractFilterRegistrationBean:248] - Mapping filter: 'requestContextFilter' to: [/*]
2021-10-26 15:44:17 [org.springframework.boot.web.servlet.AbstractFilterRegistrationBean:261] - Mapping filter: 'loginFilter' to urls: [/*]
2021-10-26 15:44:17 [com.zaxxer.hikari.HikariDataSource:110] - HikariCP - Starting...
2021-10-26 15:44:18 [com.zaxxer.hikari.HikariDataSource:123] - HikariCP - Start completed.
2021-10-26 15:44:19 [org.springframework.scheduling.concurrent.ExecutorConfigurationSupport:171] - Initializing ExecutorService 'applicationTaskExecutor'
2021-10-26 15:44:19 [com.lrs.core.intercept.InterceptorAdapter:25] - 拦截
2021-10-26 15:44:19 [org.springframework.boot.autoconfigure.web.servlet.WelcomePageHandlerMapping:61] - Adding welcome page template: index
2021-10-26 15:44:20 [org.springframework.boot.devtools.autoconfigure.OptionalLiveReloadServer:57] - LiveReload server is running on port 35729
2021-10-26 15:44:20 [org.apache.juli.logging.DirectJDKLog:173] - Starting ProtocolHandler ["http-nio-8800"]
2021-10-26 15:44:20 [org.apache.juli.logging.DirectJDKLog:173] - Using a shared selector for servlet write/read
2021-10-26 15:44:20 [org.springframework.boot.web.embedded.tomcat.TomcatWebServer:204] - Tomcat started on port(s): 8800 (http) with context path ''
2021-10-26 15:44:20 [org.springframework.boot.StartupInfoLogger:59] - Started Application in 10.038 seconds (JVM running for 12.392)
2021-10-26 15:44:27 [org.apache.juli.logging.DirectJDKLog:173] - A cookie header was received [1631666283; JSESSIONID=8628B7990772FB3AF74F3BC7E0E7D84B; krt-session-id=a5e813d8-a74e-4012-9ed1-9e58f9b5dcab; SHAREJSESSIONID=191be8ee-7dba-44b2-b999-ca99d692de10] that contained an invalid cookie. That cookie will be ignored.Note: further occurrences of this error will be logged at DEBUG level.
2021-10-26 15:44:27 [org.apache.juli.logging.DirectJDKLog:173] - Initializing Spring DispatcherServlet 'dispatcherServlet'
2021-10-26 15:44:27 [org.springframework.web.servlet.FrameworkServlet:521] - Initializing Servlet 'dispatcherServlet'
2021-10-26 15:44:27 [org.springframework.web.servlet.FrameworkServlet:543] - Completed initialization in 11 ms
2021-10-26 15:54:10 [org.springframework.boot.StartupInfoLogger:50] - Starting Application on DESKTOP-HI7J1BT with PID 836 (G:\idea_project_springboot\study_springboot\admin-plus-master\admin-core\target\classes started by Administrator in G:\idea_project_springboot\study_springboot)
2021-10-26 15:54:10 [org.springframework.boot.SpringApplication:679] - The following profiles are active: dev
2021-10-26 15:54:10 [org.springframework.boot.logging.DeferredLog:227] - Devtools property defaults active! Set 'spring.devtools.add-properties' to 'false' to disable
2021-10-26 15:54:10 [org.springframework.boot.logging.DeferredLog:227] - For additional web related logging consider setting the 'logging.level.web' property to 'DEBUG'
2021-10-26 15:54:12 [org.springframework.data.repository.config.RepositoryConfigurationDelegate:244] - Multiple Spring Data modules found, entering strict repository configuration mode!
2021-10-26 15:54:12 [org.springframework.data.repository.config.RepositoryConfigurationDelegate:126] - Bootstrapping Spring Data repositories in DEFAULT mode.
2021-10-26 15:54:12 [org.springframework.data.repository.config.RepositoryConfigurationDelegate:182] - Finished Spring Data repository scanning in 34ms. Found 0 repository interfaces.
2021-10-26 15:54:14 [org.springframework.context.support.PostProcessorRegistrationDelegate$BeanPostProcessorChecker:330] - Bean 'spring.redis-org.springframework.boot.autoconfigure.data.redis.RedisProperties' of type [org.springframework.boot.autoconfigure.data.redis.RedisProperties] is not eligible for getting processed by all BeanPostProcessors (for example: not eligible for auto-proxying)
2021-10-26 15:54:14 [org.springframework.context.support.PostProcessorRegistrationDelegate$BeanPostProcessorChecker:330] - Bean 'org.springframework.boot.autoconfigure.data.redis.LettuceConnectionConfiguration' of type [org.springframework.boot.autoconfigure.data.redis.LettuceConnectionConfiguration$$EnhancerBySpringCGLIB$$a71b272b] is not eligible for getting processed by all BeanPostProcessors (for example: not eligible for auto-proxying)
2021-10-26 15:54:14 [org.springframework.context.support.PostProcessorRegistrationDelegate$BeanPostProcessorChecker:330] - Bean 'lettuceClientResources' of type [io.lettuce.core.resource.DefaultClientResources] is not eligible for getting processed by all BeanPostProcessors (for example: not eligible for auto-proxying)
2021-10-26 15:54:15 [org.springframework.context.support.PostProcessorRegistrationDelegate$BeanPostProcessorChecker:330] - Bean 'redisConnectionFactory' of type [org.springframework.data.redis.connection.lettuce.LettuceConnectionFactory] is not eligible for getting processed by all BeanPostProcessors (for example: not eligible for auto-proxying)
2021-10-26 15:54:15 [org.springframework.context.support.PostProcessorRegistrationDelegate$BeanPostProcessorChecker:330] - Bean 'redisConfig' of type [com.lrs.core.config.RedisConfig$$EnhancerBySpringCGLIB$$a621ccd8] is not eligible for getting processed by all BeanPostProcessors (for example: not eligible for auto-proxying)
2021-10-26 15:54:15 [org.springframework.context.support.PostProcessorRegistrationDelegate$BeanPostProcessorChecker:330] - Bean 'org.springframework.transaction.annotation.ProxyTransactionManagementConfiguration' of type [org.springframework.transaction.annotation.ProxyTransactionManagementConfiguration$$EnhancerBySpringCGLIB$$920168e1] is not eligible for getting processed by all BeanPostProcessors (for example: not eligible for auto-proxying)
2021-10-26 15:54:17 [org.springframework.boot.web.embedded.tomcat.TomcatWebServer:90] - Tomcat initialized with port(s): 8800 (http)
2021-10-26 15:54:17 [org.apache.juli.logging.DirectJDKLog:173] - Initializing ProtocolHandler ["http-nio-8800"]
2021-10-26 15:54:17 [org.apache.juli.logging.DirectJDKLog:173] - Starting service [Tomcat]
2021-10-26 15:54:17 [org.apache.juli.logging.DirectJDKLog:173] - Starting Servlet Engine: Apache Tomcat/9.0.12
2021-10-26 15:54:18 [org.apache.juli.logging.DirectJDKLog:173] - The APR based Apache Tomcat Native library which allows optimal performance in production environments was not found on the java.library.path: [D:\java_jdk\bin;C:\Windows\Sun\Java\bin;C:\Windows\system32;C:\Windows;C:\Program Files (x86)\Common Files\Oracle\Java\javapath;F:\Xmanager_PowerSuite_v6.0.0014r_Incl_Keygen_v1.5_DFoX\Xlpd 6\;F:\Xmanager_PowerSuite_v6.0.0014r_Incl_Keygen_v1.5_DFoX\Xshell 6\;F:\Xmanager_PowerSuite_v6.0.0014r_Incl_Keygen_v1.5_DFoX\Xmanager 6\;D:\java_jdk\bin;C:\ProgramData\Oracle\Java\javapath;C:\Windows\system32;C:\Windows;C:\Windows\System32\Wbem;C:\Windows\System32\WindowsPowerShell\v1.0\;C:\Windows\System32\OpenSSH\;C:\Program Files\MySQL\MySQL Server 8.0\bin;F:\Maven\apache-maven-3.8.1-bin\apache-maven-3.8.1\bin;F:\SVN\bin;F:\;G:\nodejs\;G:\git\Git\cmd;C:\Users\Administrator\AppData\Local\Microsoft\WindowsApps;F:\idea\IntelliJ IDEA 2020.1.3\bin;;F:\Bandizip\;C:\Users\Administrator\AppData\Local\GitHubDesktop\bin;C:\Users\Administrator\AppData\Roaming\npm;.]
2021-10-26 15:54:18 [org.apache.juli.logging.DirectJDKLog:173] - Initializing Spring embedded WebApplicationContext
2021-10-26 15:54:18 [org.springframework.boot.web.servlet.context.ServletWebServerApplicationContext:285] - Root WebApplicationContext: initialization completed in 7686 ms
2021-10-26 15:54:18 [org.springframework.beans.factory.annotation.AutowiredAnnotationBeanPostProcessor:471] - Autowired annotation should only be used on methods with parameters: public void com.lrs.core.filter.LoginFilter.destroy()
2021-10-26 15:54:18 [org.springframework.boot.web.servlet.ServletRegistrationBean:186] - Servlet dispatcherServlet mapped to [/]
2021-10-26 15:54:18 [org.springframework.boot.web.servlet.AbstractFilterRegistrationBean:248] - Mapping filter: 'characterEncodingFilter' to: [/*]
2021-10-26 15:54:18 [org.springframework.boot.web.servlet.AbstractFilterRegistrationBean:248] - Mapping filter: 'hiddenHttpMethodFilter' to: [/*]
2021-10-26 15:54:18 [org.springframework.boot.web.servlet.AbstractFilterRegistrationBean:248] - Mapping filter: 'formContentFilter' to: [/*]
2021-10-26 15:54:18 [org.springframework.boot.web.servlet.AbstractFilterRegistrationBean:248] - Mapping filter: 'requestContextFilter' to: [/*]
2021-10-26 15:54:18 [org.springframework.boot.web.servlet.AbstractFilterRegistrationBean:261] - Mapping filter: 'loginFilter' to urls: [/*]
2021-10-26 15:54:19 [com.zaxxer.hikari.HikariDataSource:110] - HikariCP - Starting...
2021-10-26 15:54:19 [com.zaxxer.hikari.HikariDataSource:123] - HikariCP - Start completed.
2021-10-26 15:54:21 [org.springframework.scheduling.concurrent.ExecutorConfigurationSupport:171] - Initializing ExecutorService 'applicationTaskExecutor'
2021-10-26 15:54:21 [com.lrs.core.intercept.InterceptorAdapter:25] - 拦截
2021-10-26 15:54:22 [org.springframework.boot.autoconfigure.web.servlet.WelcomePageHandlerMapping:61] - Adding welcome page template: index
2021-10-26 15:54:25 [org.apache.juli.logging.DirectJDKLog:173] - Starting ProtocolHandler ["http-nio-8800"]
2021-10-26 15:54:25 [org.apache.juli.logging.DirectJDKLog:173] - Pausing ProtocolHandler ["http-nio-8800"]
2021-10-26 15:54:25 [org.apache.juli.logging.DirectJDKLog:173] - Stopping service [Tomcat]
2021-10-26 15:54:25 [org.apache.juli.logging.DirectJDKLog:173] - The stop() method was called on component [StandardServer[-1]] after stop() had already been called. The second call will be ignored.
2021-10-26 15:54:25 [org.apache.juli.logging.DirectJDKLog:173] - Stopping ProtocolHandler ["http-nio-8800"]
2021-10-26 15:54:25 [org.apache.juli.logging.DirectJDKLog:173] - Destroying ProtocolHandler ["http-nio-8800"]
2021-10-26 15:54:25 [org.springframework.boot.autoconfigure.logging.ConditionEvaluationReportLoggingListener:142] - 

Error starting ApplicationContext. To display the conditions report re-run your application with 'debug' enabled.
2021-10-26 15:54:25 [org.springframework.scheduling.concurrent.ExecutorConfigurationSupport:208] - Shutting down ExecutorService 'applicationTaskExecutor'
2021-10-26 15:54:25 [com.zaxxer.hikari.HikariDataSource:350] - HikariCP - Shutdown initiated...
2021-10-26 15:54:25 [com.zaxxer.hikari.HikariDataSource:352] - HikariCP - Shutdown completed.
2021-10-26 15:54:47 [org.springframework.boot.StartupInfoLogger:50] - Starting Application on DESKTOP-HI7J1BT with PID 17344 (G:\idea_project_springboot\study_springboot\admin-plus-master\admin-core\target\classes started by Administrator in G:\idea_project_springboot\study_springboot)
2021-10-26 15:54:47 [org.springframework.boot.SpringApplication:679] - The following profiles are active: dev
2021-10-26 15:54:47 [org.springframework.boot.logging.DeferredLog:227] - Devtools property defaults active! Set 'spring.devtools.add-properties' to 'false' to disable
2021-10-26 15:54:47 [org.springframework.boot.logging.DeferredLog:227] - For additional web related logging consider setting the 'logging.level.web' property to 'DEBUG'
2021-10-26 15:54:49 [org.springframework.data.repository.config.RepositoryConfigurationDelegate:244] - Multiple Spring Data modules found, entering strict repository configuration mode!
2021-10-26 15:54:49 [org.springframework.data.repository.config.RepositoryConfigurationDelegate:126] - Bootstrapping Spring Data repositories in DEFAULT mode.
2021-10-26 15:54:49 [org.springframework.data.repository.config.RepositoryConfigurationDelegate:182] - Finished Spring Data repository scanning in 39ms. Found 0 repository interfaces.
2021-10-26 15:54:49 [org.springframework.context.support.PostProcessorRegistrationDelegate$BeanPostProcessorChecker:330] - Bean 'spring.redis-org.springframework.boot.autoconfigure.data.redis.RedisProperties' of type [org.springframework.boot.autoconfigure.data.redis.RedisProperties] is not eligible for getting processed by all BeanPostProcessors (for example: not eligible for auto-proxying)
2021-10-26 15:54:49 [org.springframework.context.support.PostProcessorRegistrationDelegate$BeanPostProcessorChecker:330] - Bean 'org.springframework.boot.autoconfigure.data.redis.LettuceConnectionConfiguration' of type [org.springframework.boot.autoconfigure.data.redis.LettuceConnectionConfiguration$$EnhancerBySpringCGLIB$$98bafa31] is not eligible for getting processed by all BeanPostProcessors (for example: not eligible for auto-proxying)
2021-10-26 15:54:49 [org.springframework.context.support.PostProcessorRegistrationDelegate$BeanPostProcessorChecker:330] - Bean 'lettuceClientResources' of type [io.lettuce.core.resource.DefaultClientResources] is not eligible for getting processed by all BeanPostProcessors (for example: not eligible for auto-proxying)
2021-10-26 15:54:49 [org.springframework.context.support.PostProcessorRegistrationDelegate$BeanPostProcessorChecker:330] - Bean 'redisConnectionFactory' of type [org.springframework.data.redis.connection.lettuce.LettuceConnectionFactory] is not eligible for getting processed by all BeanPostProcessors (for example: not eligible for auto-proxying)
2021-10-26 15:54:49 [org.springframework.context.support.PostProcessorRegistrationDelegate$BeanPostProcessorChecker:330] - Bean 'redisConfig' of type [com.lrs.core.config.RedisConfig$$EnhancerBySpringCGLIB$$97c19fde] is not eligible for getting processed by all BeanPostProcessors (for example: not eligible for auto-proxying)
2021-10-26 15:54:49 [org.springframework.context.support.PostProcessorRegistrationDelegate$BeanPostProcessorChecker:330] - Bean 'org.springframework.transaction.annotation.ProxyTransactionManagementConfiguration' of type [org.springframework.transaction.annotation.ProxyTransactionManagementConfiguration$$EnhancerBySpringCGLIB$$83a13be7] is not eligible for getting processed by all BeanPostProcessors (for example: not eligible for auto-proxying)
2021-10-26 15:54:50 [org.springframework.boot.web.embedded.tomcat.TomcatWebServer:90] - Tomcat initialized with port(s): 8800 (http)
2021-10-26 15:54:50 [org.apache.juli.logging.DirectJDKLog:173] - Initializing ProtocolHandler ["http-nio-8800"]
2021-10-26 15:54:50 [org.apache.juli.logging.DirectJDKLog:173] - Starting service [Tomcat]
2021-10-26 15:54:50 [org.apache.juli.logging.DirectJDKLog:173] - Starting Servlet Engine: Apache Tomcat/9.0.12
2021-10-26 15:54:50 [org.apache.juli.logging.DirectJDKLog:173] - The APR based Apache Tomcat Native library which allows optimal performance in production environments was not found on the java.library.path: [D:\java_jdk\bin;C:\Windows\Sun\Java\bin;C:\Windows\system32;C:\Windows;C:\Program Files (x86)\Common Files\Oracle\Java\javapath;F:\Xmanager_PowerSuite_v6.0.0014r_Incl_Keygen_v1.5_DFoX\Xlpd 6\;F:\Xmanager_PowerSuite_v6.0.0014r_Incl_Keygen_v1.5_DFoX\Xshell 6\;F:\Xmanager_PowerSuite_v6.0.0014r_Incl_Keygen_v1.5_DFoX\Xmanager 6\;D:\java_jdk\bin;C:\ProgramData\Oracle\Java\javapath;C:\Windows\system32;C:\Windows;C:\Windows\System32\Wbem;C:\Windows\System32\WindowsPowerShell\v1.0\;C:\Windows\System32\OpenSSH\;C:\Program Files\MySQL\MySQL Server 8.0\bin;F:\Maven\apache-maven-3.8.1-bin\apache-maven-3.8.1\bin;F:\SVN\bin;F:\;G:\nodejs\;G:\git\Git\cmd;C:\Users\Administrator\AppData\Local\Microsoft\WindowsApps;F:\idea\IntelliJ IDEA 2020.1.3\bin;;F:\Bandizip\;C:\Users\Administrator\AppData\Local\GitHubDesktop\bin;C:\Users\Administrator\AppData\Roaming\npm;.]
2021-10-26 15:54:50 [org.apache.juli.logging.DirectJDKLog:173] - Initializing Spring embedded WebApplicationContext
2021-10-26 15:54:50 [org.springframework.boot.web.servlet.context.ServletWebServerApplicationContext:285] - Root WebApplicationContext: initialization completed in 2536 ms
2021-10-26 15:54:50 [org.springframework.beans.factory.annotation.AutowiredAnnotationBeanPostProcessor:471] - Autowired annotation should only be used on methods with parameters: public void com.lrs.core.filter.LoginFilter.destroy()
2021-10-26 15:54:50 [org.springframework.boot.web.servlet.ServletRegistrationBean:186] - Servlet dispatcherServlet mapped to [/]
2021-10-26 15:54:50 [org.springframework.boot.web.servlet.AbstractFilterRegistrationBean:248] - Mapping filter: 'characterEncodingFilter' to: [/*]
2021-10-26 15:54:50 [org.springframework.boot.web.servlet.AbstractFilterRegistrationBean:248] - Mapping filter: 'hiddenHttpMethodFilter' to: [/*]
2021-10-26 15:54:50 [org.springframework.boot.web.servlet.AbstractFilterRegistrationBean:248] - Mapping filter: 'formContentFilter' to: [/*]
2021-10-26 15:54:50 [org.springframework.boot.web.servlet.AbstractFilterRegistrationBean:248] - Mapping filter: 'requestContextFilter' to: [/*]
2021-10-26 15:54:50 [org.springframework.boot.web.servlet.AbstractFilterRegistrationBean:261] - Mapping filter: 'loginFilter' to urls: [/*]
2021-10-26 15:54:50 [com.zaxxer.hikari.HikariDataSource:110] - HikariCP - Starting...
2021-10-26 15:54:50 [com.zaxxer.hikari.HikariDataSource:123] - HikariCP - Start completed.
2021-10-26 15:54:51 [org.springframework.scheduling.concurrent.ExecutorConfigurationSupport:171] - Initializing ExecutorService 'applicationTaskExecutor'
2021-10-26 15:54:51 [com.lrs.core.intercept.InterceptorAdapter:25] - 拦截
2021-10-26 15:54:51 [org.springframework.boot.autoconfigure.web.servlet.WelcomePageHandlerMapping:61] - Adding welcome page template: index
2021-10-26 15:54:51 [org.springframework.boot.devtools.autoconfigure.OptionalLiveReloadServer:57] - LiveReload server is running on port 35729
2021-10-26 15:54:51 [org.apache.juli.logging.DirectJDKLog:173] - Starting ProtocolHandler ["http-nio-8800"]
2021-10-26 15:54:51 [org.apache.juli.logging.DirectJDKLog:173] - Using a shared selector for servlet write/read
2021-10-26 15:54:51 [org.springframework.boot.web.embedded.tomcat.TomcatWebServer:204] - Tomcat started on port(s): 8800 (http) with context path ''
2021-10-26 15:54:51 [org.springframework.boot.StartupInfoLogger:59] - Started Application in 5.251 seconds (JVM running for 6.538)
2021-10-26 15:54:56 [org.apache.juli.logging.DirectJDKLog:173] - A cookie header was received [1631666283; krt-session-id=a5e813d8-a74e-4012-9ed1-9e58f9b5dcab; SHAREJSESSIONID=191be8ee-7dba-44b2-b999-ca99d692de10; JSESSIONID=8697025CDA8DBDAFC891B510971C09F0] that contained an invalid cookie. That cookie will be ignored.Note: further occurrences of this error will be logged at DEBUG level.
2021-10-26 15:54:56 [org.apache.juli.logging.DirectJDKLog:173] - Initializing Spring DispatcherServlet 'dispatcherServlet'
2021-10-26 15:54:56 [org.springframework.web.servlet.FrameworkServlet:521] - Initializing Servlet 'dispatcherServlet'
2021-10-26 15:54:56 [org.springframework.web.servlet.FrameworkServlet:543] - Completed initialization in 8 ms
2021-10-26 18:10:43 [org.springframework.boot.StartupInfoLogger:50] - Starting Application on DESKTOP-HI7J1BT with PID 15112 (G:\idea_project_springboot\study_springboot\admin-plus-master\admin-core\target\classes started by Administrator in G:\idea_project_springboot\study_springboot)
2021-10-26 18:10:43 [org.springframework.boot.SpringApplication:679] - The following profiles are active: dev
2021-10-26 18:10:43 [org.springframework.boot.logging.DeferredLog:227] - Devtools property defaults active! Set 'spring.devtools.add-properties' to 'false' to disable
2021-10-26 18:10:43 [org.springframework.boot.logging.DeferredLog:227] - For additional web related logging consider setting the 'logging.level.web' property to 'DEBUG'
2021-10-26 18:10:45 [org.springframework.data.repository.config.RepositoryConfigurationDelegate:244] - Multiple Spring Data modules found, entering strict repository configuration mode!
2021-10-26 18:10:45 [org.springframework.data.repository.config.RepositoryConfigurationDelegate:126] - Bootstrapping Spring Data repositories in DEFAULT mode.
2021-10-26 18:10:45 [org.springframework.data.repository.config.RepositoryConfigurationDelegate:182] - Finished Spring Data repository scanning in 23ms. Found 0 repository interfaces.
2021-10-26 18:10:46 [org.springframework.context.support.PostProcessorRegistrationDelegate$BeanPostProcessorChecker:330] - Bean 'spring.redis-org.springframework.boot.autoconfigure.data.redis.RedisProperties' of type [org.springframework.boot.autoconfigure.data.redis.RedisProperties] is not eligible for getting processed by all BeanPostProcessors (for example: not eligible for auto-proxying)
2021-10-26 18:10:46 [org.springframework.context.support.PostProcessorRegistrationDelegate$BeanPostProcessorChecker:330] - Bean 'org.springframework.boot.autoconfigure.data.redis.LettuceConnectionConfiguration' of type [org.springframework.boot.autoconfigure.data.redis.LettuceConnectionConfiguration$$EnhancerBySpringCGLIB$$9085c0f9] is not eligible for getting processed by all BeanPostProcessors (for example: not eligible for auto-proxying)
2021-10-26 18:10:46 [org.springframework.context.support.PostProcessorRegistrationDelegate$BeanPostProcessorChecker:330] - Bean 'lettuceClientResources' of type [io.lettuce.core.resource.DefaultClientResources] is not eligible for getting processed by all BeanPostProcessors (for example: not eligible for auto-proxying)
2021-10-26 18:10:46 [org.springframework.context.support.PostProcessorRegistrationDelegate$BeanPostProcessorChecker:330] - Bean 'redisConnectionFactory' of type [org.springframework.data.redis.connection.lettuce.LettuceConnectionFactory] is not eligible for getting processed by all BeanPostProcessors (for example: not eligible for auto-proxying)
2021-10-26 18:10:46 [org.springframework.context.support.PostProcessorRegistrationDelegate$BeanPostProcessorChecker:330] - Bean 'redisConfig' of type [com.lrs.core.config.RedisConfig$$EnhancerBySpringCGLIB$$8f8c66a6] is not eligible for getting processed by all BeanPostProcessors (for example: not eligible for auto-proxying)
2021-10-26 18:10:46 [org.springframework.context.support.PostProcessorRegistrationDelegate$BeanPostProcessorChecker:330] - Bean 'org.springframework.transaction.annotation.ProxyTransactionManagementConfiguration' of type [org.springframework.transaction.annotation.ProxyTransactionManagementConfiguration$$EnhancerBySpringCGLIB$$7b6c02af] is not eligible for getting processed by all BeanPostProcessors (for example: not eligible for auto-proxying)
2021-10-26 18:10:48 [org.springframework.boot.web.embedded.tomcat.TomcatWebServer:90] - Tomcat initialized with port(s): 8800 (http)
2021-10-26 18:10:48 [org.apache.juli.logging.DirectJDKLog:173] - Initializing ProtocolHandler ["http-nio-8800"]
2021-10-26 18:10:48 [org.apache.juli.logging.DirectJDKLog:173] - Starting service [Tomcat]
2021-10-26 18:10:48 [org.apache.juli.logging.DirectJDKLog:173] - Starting Servlet Engine: Apache Tomcat/9.0.12
2021-10-26 18:10:48 [org.apache.juli.logging.DirectJDKLog:173] - The APR based Apache Tomcat Native library which allows optimal performance in production environments was not found on the java.library.path: [D:\java_jdk\bin;C:\Windows\Sun\Java\bin;C:\Windows\system32;C:\Windows;C:\Program Files (x86)\Common Files\Oracle\Java\javapath;F:\Xmanager_PowerSuite_v6.0.0014r_Incl_Keygen_v1.5_DFoX\Xlpd 6\;F:\Xmanager_PowerSuite_v6.0.0014r_Incl_Keygen_v1.5_DFoX\Xshell 6\;F:\Xmanager_PowerSuite_v6.0.0014r_Incl_Keygen_v1.5_DFoX\Xmanager 6\;D:\java_jdk\bin;C:\ProgramData\Oracle\Java\javapath;C:\Windows\system32;C:\Windows;C:\Windows\System32\Wbem;C:\Windows\System32\WindowsPowerShell\v1.0\;C:\Windows\System32\OpenSSH\;C:\Program Files\MySQL\MySQL Server 8.0\bin;F:\Maven\apache-maven-3.8.1-bin\apache-maven-3.8.1\bin;F:\SVN\bin;F:\;G:\nodejs\;G:\git\Git\cmd;C:\Users\Administrator\AppData\Local\Microsoft\WindowsApps;F:\idea\IntelliJ IDEA 2020.1.3\bin;;F:\Bandizip\;C:\Users\Administrator\AppData\Local\GitHubDesktop\bin;C:\Users\Administrator\AppData\Roaming\npm;.]
2021-10-26 18:10:48 [org.apache.juli.logging.DirectJDKLog:173] - Initializing Spring embedded WebApplicationContext
2021-10-26 18:10:48 [org.springframework.boot.web.servlet.context.ServletWebServerApplicationContext:285] - Root WebApplicationContext: initialization completed in 5574 ms
2021-10-26 18:10:48 [org.springframework.beans.factory.annotation.AutowiredAnnotationBeanPostProcessor:471] - Autowired annotation should only be used on methods with parameters: public void com.lrs.core.filter.LoginFilter.destroy()
2021-10-26 18:10:48 [org.springframework.boot.web.servlet.ServletRegistrationBean:186] - Servlet dispatcherServlet mapped to [/]
2021-10-26 18:10:48 [org.springframework.boot.web.servlet.AbstractFilterRegistrationBean:248] - Mapping filter: 'characterEncodingFilter' to: [/*]
2021-10-26 18:10:48 [org.springframework.boot.web.servlet.AbstractFilterRegistrationBean:248] - Mapping filter: 'hiddenHttpMethodFilter' to: [/*]
2021-10-26 18:10:48 [org.springframework.boot.web.servlet.AbstractFilterRegistrationBean:248] - Mapping filter: 'formContentFilter' to: [/*]
2021-10-26 18:10:48 [org.springframework.boot.web.servlet.AbstractFilterRegistrationBean:248] - Mapping filter: 'requestContextFilter' to: [/*]
2021-10-26 18:10:48 [org.springframework.boot.web.servlet.AbstractFilterRegistrationBean:261] - Mapping filter: 'loginFilter' to urls: [/*]
2021-10-26 18:10:49 [com.zaxxer.hikari.HikariDataSource:110] - HikariCP - Starting...
2021-10-26 18:10:49 [com.zaxxer.hikari.HikariDataSource:123] - HikariCP - Start completed.
2021-10-26 18:10:50 [org.springframework.scheduling.concurrent.ExecutorConfigurationSupport:171] - Initializing ExecutorService 'applicationTaskExecutor'
2021-10-26 18:10:51 [com.lrs.core.intercept.InterceptorAdapter:25] - 拦截
2021-10-26 18:10:51 [org.springframework.boot.autoconfigure.web.servlet.WelcomePageHandlerMapping:61] - Adding welcome page template: index
2021-10-26 18:10:52 [org.springframework.boot.devtools.autoconfigure.OptionalLiveReloadServer:57] - LiveReload server is running on port 35729
2021-10-26 18:10:53 [org.apache.juli.logging.DirectJDKLog:173] - Starting ProtocolHandler ["http-nio-8800"]
2021-10-26 18:10:53 [org.apache.juli.logging.DirectJDKLog:173] - Using a shared selector for servlet write/read
2021-10-26 18:10:53 [org.springframework.boot.web.embedded.tomcat.TomcatWebServer:204] - Tomcat started on port(s): 8800 (http) with context path ''
2021-10-26 18:10:53 [org.springframework.boot.StartupInfoLogger:59] - Started Application in 10.986 seconds (JVM running for 14.699)
2021-10-26 18:11:00 [org.apache.juli.logging.DirectJDKLog:173] - A cookie header was received [1631666283] that contained an invalid cookie. That cookie will be ignored.Note: further occurrences of this error will be logged at DEBUG level.
2021-10-26 18:11:00 [org.apache.juli.logging.DirectJDKLog:173] - Initializing Spring DispatcherServlet 'dispatcherServlet'
2021-10-26 18:11:00 [org.springframework.web.servlet.FrameworkServlet:521] - Initializing Servlet 'dispatcherServlet'
2021-10-26 18:11:00 [org.springframework.web.servlet.FrameworkServlet:543] - Completed initialization in 12 ms
